Build started 6/13/2016 5:20:29 PM.
     1>Project "C:\Users\cave\Desktop\Stretch_Imaging\ray_tracer\Stretch_Imaging_Ray\Stretch_Imaging_Ray\Stretch_Imaging_Ray.vcxproj" on node 2 (build target(s)).
     1>InitializeBuildStatus:
         Touching "Debug\Stretch_Imaging_Ray.unsuccessfulbuild".
       ClCompile:
         All outputs are up-to-date.
         C:\Program Files (x86)\Microsoft Visual Studio 10.0\VC\bin\CL.exe /c /ZI /nologo /W3 /WX- /Od /Oy- /D WIN32 /D _DEBUG /D _CONSOLE /D _UNICODE /D UNICODE /Gm /EHsc /RTC1 /MDd /GS /fp:precise /Zc:wchar_t /Zc:forScope /Yu"StdAfx.h" /Fp"Debug\Stretch_Imaging_Ray.pch" /Fo"Debug\\" /Fd"Debug\vc100.pdb" /Gd /TP /analyze- /errorReport:prompt Stretch_Imaging_Ray.cpp stretch_imaging_2.cpp
         stretch_imaging_2.cpp
     1>c:\users\cave\desktop\stretch_imaging\ray_tracer\stretch_imaging_ray\stretch_imaging_ray\stretch_imaging_2.cpp(57): warning C4996: 'fopen': This function or variable may be unsafe. Consider using fopen_s instead. To disable deprecation, use _CRT_SECURE_NO_WARNINGS. See online help for details.
                 c:\program files (x86)\microsoft visual studio 10.0\vc\include\stdio.h(234) : see declaration of 'fopen'
     1>c:\users\cave\desktop\stretch_imaging\ray_tracer\stretch_imaging_ray\stretch_imaging_ray\stretch_imaging_2.cpp(110): warning C4244: 'initializing' : conversion from 'time_t' to 'unsigned long', possible loss of data
     1>c:\users\cave\desktop\stretch_imaging\ray_tracer\stretch_imaging_ray\stretch_imaging_ray\stretch_imaging_2.cpp(434): warning C4996: 'fopen': This function or variable may be unsafe. Consider using fopen_s instead. To disable deprecation, use _CRT_SECURE_NO_WARNINGS. See online help for details.
                 c:\program files (x86)\microsoft visual studio 10.0\vc\include\stdio.h(234) : see declaration of 'fopen'
         Stretch_Imaging_Ray.cpp
     1>c:\users\cave\desktop\stretch_imaging\ray_tracer\stretch_imaging_ray\stretch_imaging_ray\stretch_imaging_ray.cpp(24): warning C4552: '<' : operator has no effect; expected operator with side-effect
     1>c:\users\cave\desktop\stretch_imaging\ray_tracer\stretch_imaging_ray\stretch_imaging_ray\stretch_imaging_ray.cpp(26): warning C4552: '<' : operator has no effect; expected operator with side-effect
     1>c:\users\cave\desktop\stretch_imaging\ray_tracer\stretch_imaging_ray\stretch_imaging_ray\stretch_imaging_ray.cpp(35): warning C4101: 'e' : unreferenced local variable
         Generating Code...
       ManifestResourceCompile:
         All outputs are up-to-date.
       Link:
         C:\Program Files (x86)\Microsoft Visual Studio 10.0\VC\bin\link.exe /ERRORREPORT:PROMPT /OUT:"C:\Users\cave\Desktop\Stretch_Imaging\ray_tracer\Stretch_Imaging_Ray\Debug\Stretch_Imaging_Ray.exe" /INCREMENTAL /NOLOGO kernel32.lib user32.lib gdi32.lib winspool.lib comdlg32.lib advapi32.lib shell32.lib ole32.lib oleaut32.lib uuid.lib odbc32.lib odbccp32.lib /MANIFEST /ManifestFile:"Debug\Stretch_Imaging_Ray.exe.intermediate.manifest" /MANIFESTUAC:"level='asInvoker' uiAccess='false'" /DEBUG /PDB:"C:\Users\cave\Desktop\Stretch_Imaging\ray_tracer\Stretch_Imaging_Ray\Debug\Stretch_Imaging_Ray.pdb" /SUBSYSTEM:CONSOLE /TLBID:1 /DYNAMICBASE /NXCOMPAT /IMPLIB:"C:\Users\cave\Desktop\Stretch_Imaging\ray_tracer\Stretch_Imaging_Ray\Debug\Stretch_Imaging_Ray.lib" /MACHINE:X86 Debug\Stretch_Imaging_Ray.exe.embed.manifest.res
         Debug\stdafx.obj
         Debug\stretch_imaging_2.obj
         Debug\Stretch_Imaging_Ray.obj
       Manifest:
         C:\Program Files (x86)\Microsoft SDKs\Windows\v7.0A\bin\mt.exe /nologo /verbose /out:"Debug\Stretch_Imaging_Ray.exe.embed.manifest" /manifest Debug\Stretch_Imaging_Ray.exe.intermediate.manifest
         All outputs are up-to-date.
       LinkEmbedManifest:
         All outputs are up-to-date.
         Stretch_Imaging_Ray.vcxproj -> C:\Users\cave\Desktop\Stretch_Imaging\ray_tracer\Stretch_Imaging_Ray\Debug\Stretch_Imaging_Ray.exe
       FinalizeBuildStatus:
         Deleting file "Debug\Stretch_Imaging_Ray.unsuccessfulbuild".
         Touching "Debug\Stretch_Imaging_Ray.lastbuildstate".
     1>Done Building Project "C:\Users\cave\Desktop\Stretch_Imaging\ray_tracer\Stretch_Imaging_Ray\Stretch_Imaging_Ray\Stretch_Imaging_Ray.vcxproj" (build target(s)).

Build succeeded.

Time Elapsed 00:00:02.48
